[GIN-debug] [WARNING] Running in "debug" mode. Switch to "release" mode in production.
 - using env:	export GIN_MODE=release
 - using code:	gin.SetMode(gin.ReleaseMode)

[GIN-debug] GET    /css/*filepath            --> github.com/gin-gonic/gin.(*RouterGroup).createStaticHandler.func1 (4 handlers)
[GIN-debug] HEAD   /css/*filepath            --> github.com/gin-gonic/gin.(*RouterGroup).createStaticHandler.func1 (4 handlers)
[GIN-debug] Loaded HTML Templates (4): 
	- 
	- footer.html
	- header.html
	- index.html

[GIN-debug] GET    /api/videos               --> main.main.func1 (4 handlers)
[GIN-debug] POST   /api/video                --> main.main.func2 (4 handlers)
[GIN-debug] GET    /view/videos              --> main.main.func3 (4 handlers)
[GIN-debug] [WARNING] You trusted all proxies, this is NOT safe. We recommend you to set a value.
Please check https://pkg.go.dev/github.com/gin-gonic/gin#readme-don-t-trust-all-proxies for details.
[GIN-debug] Listening and serving HTTP on :8080
::1 - [200] [GET]:/view/videos 719.292µs 
::1 - [304] [GET]:/css/styles.css 252.5µs 
::1 - [404] [GET]:/favicon.ico 2.958µs 
::1 - [200] [GET]:/view/videos 425.292µs 
::1 - [200] [GET]:/css/styles.css 4.255375ms 
::1 - [404] [GET]:/favicon.ico 2.792µs 
::1 - [200] [POST]:/api/video 1.019ms 
::1 - [200] [GET]:/view/videos 482.416µs 
::1 - [200] [GET]:/css/styles.css 321µs 
::1 - [404] [GET]:/favicon.ico 2.959µs 
